#
# A fatal error has been detected by the Java Runtime Environment:
#
#  EXCEPTION_ACCESS_VIOLATION (0xc0000005) at pc=0x000000005d896891, pid=12036, tid=7508
#
# JRE version: Java(TM) SE Runtime Environment (8.0_65-b17) (build 1.8.0_65-b17)
# Java VM: Java HotSpot(TM) 64-Bit Server VM (25.65-b01 mixed mode windows-amd64 compressed oops)
# Problematic frame:
# V  [jvm.dll+0x146891]
#
# Failed to write core dump. Minidumps are not enabled by default on client versions of Windows
#
# If you would like to submit a bug report, please visit:
#   http://bugreport.java.com/bugreport/crash.jsp
#

---------------  T H R E A D  ---------------

Current thread (0x0000000018a17000):  JavaThread "Thread-0" [_thread_in_vm, id=7508, stack(0x0000000018f50000,0x0000000019050000)]

siginfo: ExceptionCode=0xc0000005, writing address 0x00000000dc66ee04

Registers:
RAX=0x0000000006424054, RBX=0x0000000018a17000, RCX=0x0000000000000003, RDX=0x00000000d624adb0
RSP=0x000000001904f210, RBP=0x0000000019090150, RSI=0x000000001904f588, RDI=0x0000000006424054
R8 =0x0000000019090150, R9 =0x0000000100062e68, R10=0x0000000000000000, R11=0x000000005df51258
R12=0x0000000000000000, R13=0x0000000016a775d8, R14=0x000000001904f588, R15=0x0000000018a17000
RIP=0x000000005d896891, EFLAGS=0x0000000000010246

Top of Stack: (sp=0x000000001904f210)
0x000000001904f210:   0000000000000000 405f400000000000
0x000000001904f220:   404f000000000000 0000000000000000
0x000000001904f230:   409c580000000000 0000000000000000
0x000000001904f240:   0000000000000000 0000000000000000
0x000000001904f250:   0000000000000000 0000000000000000
0x000000001904f260:   00000000024d7ced 000000000213389f
0x000000001904f270:   000000001904f290 0000000016a775d8
0x000000001904f280:   000000001904f550 0000000020200021
0x000000001904f290:   0000000000240e86 00000000000b9bfa
0x000000001904f2a0:   0000000000000000 00000000015f067a
0x000000001904f2b0:   0000000000000000 000000000000a910
0x000000001904f2c0:   0000000000000000 0000000000000000
0x000000001904f2d0:   0000000003e4bba1 0000000017022cd0
0x000000001904f2e0:   0000000000240f03 00000000000b9c38
0x000000001904f2f0:   0000000000000000 00000000015f0d90
0x000000001904f300:   0000000000000000 000000000000a910 

Instructions: (pc=0x000000005d896891)
0x000000005d896871:   30 44 48 8b d6 f2 0f 11 74 24 60 c6 44 24 28 00
0x000000005d896881:   48 89 6c 24 20 e8 a5 3b 07 00 48 8b d0 48 63 c7
0x000000005d896891:   f2 0f 11 34 10 c7 83 70 02 00 00 07 00 00 00 83
0x000000005d8968a1:   3d 51 a7 6b 00 01 75 09 80 3d c3 99 6b 00 00 74 


Register to memory mapping:

RAX=0x0000000006424054 is an unknown value
RBX=0x0000000018a17000 is a thread
RCX=0x0000000000000003 is an unknown value
RDX=0x00000000d624adb0 is an oop
org.hyperic.sigar.CpuPerc 
 - klass: 'org/hyperic/sigar/CpuPerc'
RSP=0x000000001904f210 is pointing into the stack for thread: 0x0000000018a17000
RBP=0x0000000019090150 is an unknown value
RSI=0x000000001904f588 is pointing into the stack for thread: 0x0000000018a17000
RDI=0x0000000006424054 is an unknown value
R8 =0x0000000019090150 is an unknown value
R9 =0x0000000100062e68 is pointing into metadata
R10=0x0000000000000000 is an unknown value
R11=0x000000005df51258 is an unknown value
R12=0x0000000000000000 is an unknown value
R13={method} {0x0000000016a775e0} 'gather' '(Lorg/hyperic/sigar/Sigar;Lorg/hyperic/sigar/Cpu;Lorg/hyperic/sigar/Cpu;)V' in 'org/hyperic/sigar/CpuPerc'
R14=0x000000001904f588 is pointing into the stack for thread: 0x0000000018a17000
R15=0x0000000018a17000 is a thread


Stack: [0x0000000018f50000,0x0000000019050000],  sp=0x000000001904f210,  free space=1020k
Native frames: (J=compiled Java code, j=interpreted, Vv=VM code, C=native code)
V  [jvm.dll+0x146891]
C  [sigar-amd64-winnt.dll+0x2389f]
C  0x00000000024e5e34

Java frames: (J=compiled Java code, j=interpreted, Vv=VM code)
j  org.hyperic.sigar.CpuPerc.gather(Lorg/hyperic/sigar/Sigar;Lorg/hyperic/sigar/Cpu;Lorg/hyperic/sigar/Cpu;)V+0
j  org.hyperic.sigar.CpuPerc.fetch(Lorg/hyperic/sigar/Sigar;Lorg/hyperic/sigar/Cpu;Lorg/hyperic/sigar/Cpu;)Lorg/hyperic/sigar/CpuPerc;+12
j  org.hyperic.sigar.Sigar.getCpuPerc()Lorg/hyperic/sigar/CpuPerc;+37
j  Grid$MonitorThread.run()V+31
j  java.lang.Thread.run()V+11
v  ~StubRoutines::call_stub

---------------  P R O C E S S  ---------------

Java Threads: ( => current thread )
  0x0000000018a19800 JavaThread "Thread-1" [_thread_blocked, id=2384, stack(0x00000000190a0000,0x00000000191a0000)]
  0x00000000023d0800 JavaThread "DestroyJavaVM" [_thread_blocked, id=2204, stack(0x00000000021e0000,0x00000000022e0000)]
=>0x0000000018a17000 JavaThread "Thread-0" [_thread_in_vm, id=7508, stack(0x0000000018f50000,0x0000000019050000)]
  0x0000000018979000 JavaThread "Service Thread" daemon [_thread_blocked, id=5860, stack(0x0000000018d50000,0x0000000018e50000)]
  0x0000000017007000 JavaThread "C1 CompilerThread2" daemon [_thread_blocked, id=9820, stack(0x0000000018850000,0x0000000018950000)]
  0x0000000017003000 JavaThread "C2 CompilerThread1" daemon [_thread_blocked, id=5576, stack(0x0000000018750000,0x0000000018850000)]
  0x0000000016ff9800 JavaThread "C2 CompilerThread0" daemon [_thread_blocked, id=7640, stack(0x0000000018650000,0x0000000018750000)]
  0x0000000016ff8000 JavaThread "Attach Listener" daemon [_thread_blocked, id=8112, stack(0x0000000018550000,0x0000000018650000)]
  0x0000000016ff7000 JavaThread "Signal Dispatcher" daemon [_thread_blocked, id=8216, stack(0x0000000018450000,0x0000000018550000)]
  0x00000000024c6000 JavaThread "Finalizer" daemon [_thread_blocked, id=8100, stack(0x0000000018250000,0x0000000018350000)]
  0x0000000016fc9000 JavaThread "Reference Handler" daemon [_thread_blocked, id=7912, stack(0x0000000018150000,0x0000000018250000)]

Other Threads:
  0x0000000016fc7000 VMThread [stack: 0x0000000018050000,0x0000000018150000] [id=7916]
  0x00000000189b4000 WatcherThread [stack: 0x0000000018e50000,0x0000000018f50000] [id=9580]

VM state:not at safepoint (normal execution)

VM Mutex/Monitor currently owned by a thread: None

Heap:
 PSYoungGen      total 38400K, used 4668K [0x00000000d5f00000, 0x00000000d8980000, 0x0000000100000000)
  eden space 33280K, 14% used [0x00000000d5f00000,0x00000000d638f2c0,0x00000000d7f80000)
  from space 5120K, 0% used [0x00000000d8480000,0x00000000d8480000,0x00000000d8980000)
  to   space 5120K, 0% used [0x00000000d7f80000,0x00000000d7f80000,0x00000000d8480000)
 ParOldGen       total 87552K, used 0K [0x0000000081c00000, 0x0000000087180000, 0x00000000d5f00000)
  object space 87552K, 0% used [0x0000000081c00000,0x0000000081c00000,0x0000000087180000)
 Metaspace       used 3503K, capacity 4656K, committed 4864K, reserved 1056768K
  class space    used 380K, capacity 424K, committed 512K, reserved 1048576K

Card table byte_map: [0x0000000011890000,0x0000000011c90000] byte_map_base: 0x0000000011482000

Marking Bits: (ParMarkBitMap*) 0x000000005df5a5b0
 Begin Bits: [0x0000000012340000, 0x00000000142d0000)
 End Bits:   [0x00000000142d0000, 0x0000000016260000)

Polling page: 0x0000000000570000

CodeCache: size=245760Kb used=1162Kb max_used=1162Kb free=244597Kb
 bounds [0x00000000024d0000, 0x0000000002740000, 0x00000000114d0000]
 total_blobs=306 nmethods=52 adapters=167
 compilation: enabled

Compilation events (10 events):
Event: 0.082 Thread 0x0000000017007000   46       1       java.net.URL::getAuthority (5 bytes)
Event: 0.082 Thread 0x0000000017007000 nmethod 46 0x00000000025f06d0 code [0x00000000025f0820, 0x00000000025f0930]
Event: 0.082 Thread 0x0000000017007000   48  s    1       java.util.Vector::size (5 bytes)
Event: 0.082 Thread 0x0000000017007000 nmethod 48 0x00000000025f0990 code [0x00000000025f0ae0, 0x00000000025f0d50]
Event: 0.111 Thread 0x0000000017007000   49       3       java.lang.String::substring (79 bytes)
Event: 0.111 Thread 0x0000000017007000 nmethod 49 0x00000000025f1550 code [0x00000000025f1700, 0x00000000025f1b98]
Event: 0.112 Thread 0x0000000017007000   50       1       java.net.URL::getHost (5 bytes)
Event: 0.112 Thread 0x0000000017007000 nmethod 50 0x00000000025f1dd0 code [0x00000000025f1f20, 0x00000000025f2030]
Event: 0.114 Thread 0x0000000017007000   51       3       java.util.concurrent.ConcurrentHashMap::setTabAt (19 bytes)
Event: 0.114 Thread 0x0000000017007000 nmethod 51 0x00000000025f2850 code [0x00000000025f29a0, 0x00000000025f2b10]

GC Heap History (0 events):
No events

Deoptimization events (0 events):
No events

Internal exceptions (6 events):
Event: 0.026 Thread 0x00000000023d0800 Exception <a 'java/lang/NoSuchMethodError': Method sun.misc.Unsafe.defineClass(Ljava/lang/String;[BII)Ljava/lang/Class; name or signature does not match> (0x00000000d5f0d3d0) thrown at [C:\workspace\8-2-build-windows-amd64-cygwin\jdk8u65\4987\hotspot\src\s;¶6**[š?
Event: 0.026 Thread 0x00000000023d0800 Exception <a 'java/lang/NoSuchMethodError': Method sun.misc.Unsafe.prefetchRead(Ljava/lang/Object;J)V name or signature does not match> (0x00000000d5f0d6b8) thrown at [C:\workspace\8-2-build-windows-amd64-cygwin\jdk8u65\4987\hotspot\src\share\vm\prims\jni.y<”)§´?
Event: 0.081 Thread 0x00000000023d0800 Exception <a 'java/security/PrivilegedActionException'> (0x00000000d610f7d0) thrown at [C:\workspace\8-2-build-windows-amd64-cygwin\jdk8u65\4987\hotspot\src\share\vm\prims\jvm.cpp, line 1386]
Event: 0.081 Thread 0x00000000023d0800 Exception <a 'java/security/PrivilegedActionException'> (0x00000000d610f9e0) thrown at [C:\workspace\8-2-build-windows-amd64-cygwin\jdk8u65\4987\hotspot\src\share\vm\prims\jvm.cpp, line 1386]
Event: 0.081 Thread 0x00000000023d0800 Exception <a 'java/security/PrivilegedActionException'> (0x00000000d61125d0) thrown at [C:\workspace\8-2-build-windows-amd64-cygwin\jdk8u65\4987\hotspot\src\share\vm\prims\jvm.cpp, line 1386]
Event: 0.081 Thread 0x00000000023d0800 Exception <a 'java/security/PrivilegedActionException'> (0x00000000d61127e0) thrown at [C:\workspace\8-2-build-windows-amd64-cygwin\jdk8u65\4987\hotspot\src\share\vm\prims\jvm.cpp, line 1386]

Events (10 events):
Event: 0.113 loading class java/net/NetworkInterface done
Event: 0.113 loading class java/net/SocketException
Event: 0.113 loading class java/net/SocketException done
Event: 0.114 loading class sun/net/ResourceManager
Event: 0.114 loading class sun/net/ResourceManager done
Event: 0.114 Thread 0x0000000018a19800 Thread added: 0x0000000018a19800
Event: 0.114 loading class org/hyperic/sigar/Cpu
Event: 0.114 loading class org/hyperic/sigar/Cpu done
Event: 0.615 loading class org/hyperic/sigar/CpuPerc
Event: 0.615 loading class org/hyperic/sigar/CpuPerc done


Dynamic libraries:
0x00007ff7e86a0000 - 0x00007ff7e86d7000 	D:\Programmi\Java\jdk1.8.0_65\bin\java.exe
0x00007fffe3720000 - 0x00007fffe38f1000 	C:\WINDOWS\SYSTEM32\ntdll.dll
0x00007fffe3500000 - 0x00007fffe35ac000 	C:\WINDOWS\System32\KERNEL32.DLL
0x00007fffe09d0000 - 0x00007fffe0bed000 	C:\WINDOWS\System32\KERNELBASE.dll
0x00007fffe13e0000 - 0x00007fffe1482000 	C:\WINDOWS\System32\ADVAPI32.dll
0x00007fffe3680000 - 0x00007fffe371e000 	C:\WINDOWS\System32\msvcrt.dll
0x00007fffe3060000 - 0x00007fffe30b9000 	C:\WINDOWS\System32\sechost.dll
0x00007fffe0cc0000 - 0x00007fffe0de1000 	C:\WINDOWS\System32\RPCRT4.dll
0x00007fffe0f50000 - 0x00007fffe10b5000 	C:\WINDOWS\System32\USER32.dll
0x00007fffe0570000 - 0x00007fffe058e000 	C:\WINDOWS\System32\win32u.dll
0x00007fffe1370000 - 0x00007fffe13a4000 	C:\WINDOWS\System32\GDI32.dll
0x00007fffe0840000 - 0x00007fffe09c2000 	C:\WINDOWS\System32\gdi32full.dll
0x00007fffd0360000 - 0x00007fffd05da000 	C:\WINDOWS\WinSxS\amd64_microsoft.windows.common-controls_6595b64144ccf1df_6.0.14393.953_none_42151e83c686086b\COMCTL32.dll
0x00007fffe1500000 - 0x00007fffe17c8000 	C:\WINDOWS\System32\combase.dll
0x00007fffe0740000 - 0x00007fffe0835000 	C:\WINDOWS\System32\ucrtbase.dll
0x00007fffe0c40000 - 0x00007fffe0caa000 	C:\WINDOWS\System32\bcryptPrimitives.dll
0x00007fffe13b0000 - 0x00007fffe13de000 	C:\WINDOWS\System32\IMM32.DLL
0x000000005d670000 - 0x000000005d742000 	D:\Programmi\Java\jdk1.8.0_65\jre\bin\msvcr100.dll
0x000000005d750000 - 0x000000005dfd9000 	D:\Programmi\Java\jdk1.8.0_65\jre\bin\server\jvm.dll
0x00007fffe0cb0000 - 0x00007fffe0cb8000 	C:\WINDOWS\System32\PSAPI.DLL
0x00007fffd7b70000 - 0x00007fffd7b79000 	C:\WINDOWS\SYSTEM32\WSOCK32.dll
0x00007fffde000000 - 0x00007fffde023000 	C:\WINDOWS\SYSTEM32\WINMM.dll
0x00007fffdb960000 - 0x00007fffdb96a000 	C:\WINDOWS\SYSTEM32\VERSION.dll
0x00007fffe35b0000 - 0x00007fffe361a000 	C:\WINDOWS\System32\WS2_32.dll
0x0000000000510000 - 0x000000000053b000 	C:\WINDOWS\SYSTEM32\WINMMBASE.dll
0x00007fffe0bf0000 - 0x00007fffe0c32000 	C:\WINDOWS\System32\cfgmgr32.dll
0x000000005d620000 - 0x000000005d62f000 	D:\Programmi\Java\jdk1.8.0_65\jre\bin\verify.dll
0x000000005d5f0000 - 0x000000005d619000 	D:\Programmi\Java\jdk1.8.0_65\jre\bin\java.dll
0x000000005d5d0000 - 0x000000005d5e6000 	D:\Programmi\Java\jdk1.8.0_65\jre\bin\zip.dll
0x00007fffe1950000 - 0x00007fffe2e58000 	C:\WINDOWS\System32\SHELL32.dll
0x00007fffdfc10000 - 0x00007fffe02ea000 	C:\WINDOWS\System32\windows.storage.dll
0x00007fffdfbc0000 - 0x00007fffdfc0c000 	C:\WINDOWS\System32\powrprof.dll
0x00007fffe0df0000 - 0x00007fffe0e42000 	C:\WINDOWS\System32\shlwapi.dll
0x00007fffdfbb0000 - 0x00007fffdfbbf000 	C:\WINDOWS\System32\kernel.appcore.dll
0x00007fffe04c0000 - 0x00007fffe0569000 	C:\WINDOWS\System32\shcore.dll
0x00007fffdfb80000 - 0x00007fffdfb94000 	C:\WINDOWS\System32\profapi.dll
0x000000005d5b0000 - 0x000000005d5ca000 	D:\Programmi\Java\jdk1.8.0_65\jre\bin\net.dll
0x00007fffdf4b0000 - 0x00007fffdf50c000 	C:\WINDOWS\system32\mswsock.dll
0x0000000002110000 - 0x0000000002180000 	E:\JGCFResource\sigar-amd64-winnt.dll
0x00007fffe2f20000 - 0x00007fffe3058000 	C:\WINDOWS\System32\ole32.dll
0x00007fffdc8d0000 - 0x00007fffdc91d000 	C:\WINDOWS\SYSTEM32\pdh.dll
0x00007fffe2e60000 - 0x00007fffe2f1f000 	C:\WINDOWS\System32\OLEAUT32.dll
0x00007fffe05f0000 - 0x00007fffe068c000 	C:\WINDOWS\System32\msvcp_win.dll
0x00007fffd6c00000 - 0x00007fffd6c18000 	C:\WINDOWS\SYSTEM32\NETAPI32.dll
0x00007fffdf320000 - 0x00007fffdf32d000 	C:\WINDOWS\SYSTEM32\NETUTILS.DLL
0x00007fffd3d50000 - 0x00007fffd3d76000 	C:\WINDOWS\SYSTEM32\SRVCLI.DLL
0x00007fffd5750000 - 0x00007fffd58e2000 	C:\WINDOWS\SYSTEM32\dbghelp.dll

VM Arguments:
jvm_args: -Dfile.encoding=UTF-8 
java_command: Test
java_class_path (initial): E:\JGCFResource\sigar.jar;H:\JGCFResource\build\classes
Launcher Type: SUN_STANDARD

Environment Variables:
PATH=C:\ProgramData\Oracle\Java\javapath;C:\Windows\system32;C:\Windows;C:\Windows\System32\Wbem;C:\Windows\System32\WindowsPowerShell\v1.0\;C:\Program Files (x86)\NVIDIA Corporation\PhysX\Common;C:\adb;C:\WINDOWS\system32;C:\WINDOWS;C:\WINDOWS\System32\Wbem;C:\WINDOWS\System32\WindowsPowerShell\v1.0\;D:\Programmi\Git\cmd;C:\Program Files (x86)\Windows Kits\8.1\Windows Performance Toolkit\;C:\Program Files\Microsoft SQL Server\120\Tools\Binn\;D:\Programmi\TortoiseSVN\bin;D:\Programmi\Skype\Phone\;D:\Programmi\Anaconda3;D:\Programmi\Anaconda3\Scripts;D:\Programmi\Anaconda3\Library\bin;C:\Users\shind\AppData\Local\Microsoft\WindowsApps;C:\Program Files (x86)\CVSNT\
USERNAME=shind
OS=Windows_NT
PROCESSOR_IDENTIFIER=Intel64 Family 6 Model 60 Stepping 3, GenuineIntel



---------------  S Y S T E M  ---------------

OS: Windows 10.0 , 64 bit Build 14393 (10.0.14393.1198)

CPU:total 4 (4 cores per cpu, 1 threads per core) family 6 model 60 stepping 3, cmov, cx8, fxsr, mmx, sse, sse2, sse3, ssse3, sse4.1, sse4.2, popcnt, avx, avx2, aes, clmul, erms, lzcnt, tsc, tscinvbit, bmi1, bmi2

Memory: 4k page, physical 8273048k(3270408k free), swap 22428824k(10596512k free)

vm_info: Java HotSpot(TM) 64-Bit Server VM (25.65-b01) for windows-amd64 JRE (1.8.0_65-b17), built on Oct  6 2015 16:39:20 by "java_re" with MS VC++ 10.0 (VS2010)

time: Wed May 17 16:09:39 2017
elapsed time: 0 seconds (0d 0h 0m 0s)

